# JRE version: Java(TM) SE Runtime Environment (8.0_65-b17) (build 1.8.0_65-b17)
# Java VM: Java HotSpot(TM) 64-Bit Server VM (25.65-b01 mixed mode windows-amd64 compressed oops)
Heap:
 PSYoungGen      total 622592K, used 202087K [0x00000000d6200000, 0x0000000100000000, 0x0000000100000000)
  eden space 622080K, 32% used [0x00000000d6200000,0x00000000e2741db0,0x00000000fc180000)
  from space 512K, 18% used [0x00000000fff80000,0x00000000fff98000,0x0000000100000000)
  to   space 512K, 0% used [0x00000000fff00000,0x00000000fff00000,0x00000000fff80000)
 ParOldGen       total 86016K, used 63113K [0x0000000082600000, 0x0000000087a00000, 0x00000000d6200000)
  object space 86016K, 73% used [0x0000000082600000,0x00000000863a25b0,0x0000000087a00000)
 Metaspace       used 11354K, capacity 11792K, committed 12032K, reserved 1060864K
  class space    used 1419K, capacity 1536K, committed 1536K, reserved 1048576K
GC Heap History (10 events):
Event: 110.069 GC heap before
{Heap before GC invocations=124 (full 0):
 PSYoungGen      total 685568K, used 685120K [0x00000000d6200000, 0x0000000100000000, 0x0000000100000000)
  eden space 685056K, 100% used [0x00000000d6200000,0x00000000fff00000,0x00000000fff00000)
  from space 512K, 12% used [0x00000000fff00000,0x00000000fff10000,0x00000000fff80000)
  to   space 512K, 0% used [0x00000000fff80000,0x00000000fff80000,0x0000000100000000)
 ParOldGen       total 86016K, used 63065K [0x0000000082600000, 0x0000000087a00000, 0x00000000d6200000)
  object space 86016K, 73% used [0x0000000082600000,0x00000000863965b0,0x0000000087a00000)
 Metaspace       used 11354K, capacity 11792K, committed 12032K, reserved 1060864K
  class space    used 1419K, capacity 1536K, committed 1536K, reserved 1048576K
Event: 110.081 GC heap after
Heap after GC invocations=124 (full 0):
 PSYoungGen      total 685568K, used 64K [0x00000000d6200000, 0x0000000100000000, 0x0000000100000000)
  eden space 685056K, 0% used [0x00000000d6200000,0x00000000d6200000,0x00000000fff00000)
  from space 512K, 12% used [0x00000000fff80000,0x00000000fff90000,0x0000000100000000)
  to   space 512K, 0% used [0x00000000fff00000,0x00000000fff00000,0x00000000fff80000)
 ParOldGen       total 86016K, used 63073K [0x0000000082600000, 0x0000000087a00000, 0x00000000d6200000)
  object space 86016K, 73% used [0x0000000082600000,0x00000000863985b0,0x0000000087a00000)
 Metaspace       used 11354K, capacity 11792K, committed 12032K, reserved 1060864K
  class space    used 1419K, capacity 1536K, committed 1536K, reserved 1048576K
}
Event: 111.065 GC heap before
{Heap before GC invocations=125 (full 0):
 PSYoungGen      total 685568K, used 685120K [0x00000000d6200000, 0x0000000100000000, 0x0000000100000000)
  eden space 685056K, 100% used [0x00000000d6200000,0x00000000fff00000,0x00000000fff00000)
  from space 512K, 12% used [0x00000000fff80000,0x00000000fff90000,0x0000000100000000)
  to   space 512K, 0% used [0x00000000fff00000,0x00000000fff00000,0x00000000fff80000)
 ParOldGen       total 86016K, used 63073K [0x0000000082600000, 0x0000000087a00000, 0x00000000d6200000)
  object space 86016K, 73% used [0x0000000082600000,0x00000000863985b0,0x0000000087a00000)
 Metaspace       used 11354K, capacity 11792K, committed 12032K, reserved 1060864K
  class space    used 1419K, capacity 1536K, committed 1536K, reserved 1048576K
Event: 111.074 GC heap after
Heap after GC invocations=125 (full 0):
 PSYoungGen      total 685568K, used 96K [0x00000000d6200000, 0x0000000100000000, 0x0000000100000000)
  eden space 685056K, 0% used [0x00000000d6200000,0x00000000d6200000,0x00000000fff00000)
  from space 512K, 18% used [0x00000000fff00000,0x00000000fff18000,0x00000000fff80000)
  to   space 512K, 0% used [0x00000000fff80000,0x00000000fff80000,0x0000000100000000)
 ParOldGen       total 86016K, used 63081K [0x0000000082600000, 0x0000000087a00000, 0x00000000d6200000)
  object space 86016K, 73% used [0x0000000082600000,0x000000008639a5b0,0x0000000087a00000)
 Metaspace       used 11354K, capacity 11792K, committed 12032K, reserved 1060864K
  class space    used 1419K, capacity 1536K, committed 1536K, reserved 1048576K
}
Event: 112.083 GC heap before
{Heap before GC invocations=126 (full 0):
 PSYoungGen      total 685568K, used 685152K [0x00000000d6200000, 0x0000000100000000, 0x0000000100000000)
  eden space 685056K, 100% used [0x00000000d6200000,0x00000000fff00000,0x00000000fff00000)
  from space 512K, 18% used [0x00000000fff00000,0x00000000fff18000,0x00000000fff80000)
  to   space 512K, 0% used [0x00000000fff80000,0x00000000fff80000,0x0000000100000000)
 ParOldGen       total 86016K, used 63081K [0x0000000082600000, 0x0000000087a00000, 0x00000000d6200000)
  object space 86016K, 73% used [0x0000000082600000,0x000000008639a5b0,0x0000000087a00000)
 Metaspace       used 11354K, capacity 11792K, committed 12032K, reserved 1060864K
  class space    used 1419K, capacity 1536K, committed 1536K, reserved 1048576K
Event: 112.092 GC heap after
Heap after GC invocations=126 (full 0):
 PSYoungGen      total 685568K, used 96K [0x00000000d6200000, 0x0000000100000000, 0x0000000100000000)
  eden space 685056K, 0% used [0x00000000d6200000,0x00000000d6200000,0x00000000fff00000)
  from space 512K, 18% used [0x00000000fff80000,0x00000000fff98000,0x0000000100000000)
  to   space 512K, 0% used [0x00000000fff00000,0x00000000fff00000,0x00000000fff80000)
 ParOldGen       total 86016K, used 63089K [0x0000000082600000, 0x0000000087a00000, 0x00000000d6200000)
  object space 86016K, 73% used [0x0000000082600000,0x000000008639c5b0,0x0000000087a00000)
 Metaspace       used 11354K, capacity 11792K, committed 12032K, reserved 1060864K
  class space    used 1419K, capacity 1536K, committed 1536K, reserved 1048576K
}
Event: 113.103 GC heap before
{Heap before GC invocations=127 (full 0):
 PSYoungGen      total 685568K, used 685152K [0x00000000d6200000, 0x0000000100000000, 0x0000000100000000)
  eden space 685056K, 100% used [0x00000000d6200000,0x00000000fff00000,0x00000000fff00000)
  from space 512K, 18% used [0x00000000fff80000,0x00000000fff98000,0x0000000100000000)
  to   space 512K, 0% used [0x00000000fff00000,0x00000000fff00000,0x00000000fff80000)
 ParOldGen       total 86016K, used 63089K [0x0000000082600000, 0x0000000087a00000, 0x00000000d6200000)
  object space 86016K, 73% used [0x0000000082600000,0x000000008639c5b0,0x0000000087a00000)
 Metaspace       used 11354K, capacity 11792K, committed 12032K, reserved 1060864K
  class space    used 1419K, capacity 1536K, committed 1536K, reserved 1048576K
Event: 113.112 GC heap after
Heap after GC invocations=127 (full 0):
 PSYoungGen      total 653312K, used 96K [0x00000000d6200000, 0x0000000100000000, 0x0000000100000000)
  eden space 652800K, 0% used [0x00000000d6200000,0x00000000d6200000,0x00000000fdf80000)
  from space 512K, 18% used [0x00000000fff00000,0x00000000fff18000,0x00000000fff80000)
  to   space 512K, 0% used [0x00000000fff80000,0x00000000fff80000,0x0000000100000000)
 ParOldGen       total 86016K, used 63097K [0x0000000082600000, 0x0000000087a00000, 0x00000000d6200000)
  object space 86016K, 73% used [0x0000000082600000,0x000000008639e5b0,0x0000000087a00000)
 Metaspace       used 11354K, capacity 11792K, committed 12032K, reserved 1060864K
  class space    used 1419K, capacity 1536K, committed 1536K, reserved 1048576K
}
Event: 114.055 GC heap before
{Heap before GC invocations=128 (full 0):
 PSYoungGen      total 653312K, used 652896K [0x00000000d6200000, 0x0000000100000000, 0x0000000100000000)
  eden space 652800K, 100% used [0x00000000d6200000,0x00000000fdf80000,0x00000000fdf80000)
  from space 512K, 18% used [0x00000000fff00000,0x00000000fff18000,0x00000000fff80000)
  to   space 512K, 0% used [0x00000000fff80000,0x00000000fff80000,0x0000000100000000)
 ParOldGen       total 86016K, used 63097K [0x0000000082600000, 0x0000000087a00000, 0x00000000d6200000)
  object space 86016K, 73% used [0x0000000082600000,0x000000008639e5b0,0x0000000087a00000)
 Metaspace       used 11354K, capacity 11792K, committed 12032K, reserved 1060864K
  class space    used 1419K, capacity 1536K, committed 1536K, reserved 1048576K
Event: 114.064 GC heap after
Heap after GC invocations=128 (full 0):
 PSYoungGen      total 622592K, used 96K [0x00000000d6200000, 0x0000000100000000, 0x0000000100000000)
  eden space 622080K, 0% used [0x00000000d6200000,0x00000000d6200000,0x00000000fc180000)
  from space 512K, 18% used [0x00000000fff80000,0x00000000fff98000,0x0000000100000000)
  to   space 512K, 0% used [0x00000000fff00000,0x00000000fff00000,0x00000000fff80000)
 ParOldGen       total 86016K, used 63113K [0x0000000082600000, 0x0000000087a00000, 0x00000000d6200000)
  object space 86016K, 73% used [0x0000000082600000,0x00000000863a25b0,0x0000000087a00000)
 Metaspace       used 11354K, capacity 11792K, committed 12032K, reserved 1060864K
  class space    used 1419K, capacity 1536K, committed 1536K, reserved 1048576K
}

